# JRE version: OpenJDK Runtime Environment (8.0_202-b03) (build 1.8.0_202-release-1483-b03)
# Java VM: OpenJDK 64-Bit Server VM (25.202-b03 mixed mode windows-amd64 compressed oops)
Heap:
 PSYoungGen      total 79360K, used 9141K [0x00000000ebb00000, 0x00000000f3800000, 0x0000000100000000)
  eden space 65536K, 13% used [0x00000000ebb00000,0x00000000ec3ed550,0x00000000efb00000)
  from space 13824K, 0% used [0x00000000f0900000,0x00000000f0900000,0x00000000f1680000)
  to   space 14336K, 0% used [0x00000000efb00000,0x00000000efb00000,0x00000000f0900000)
 ParOldGen       total 43520K, used 15724K [0x00000000c3000000, 0x00000000c5a80000, 0x00000000ebb00000)
  object space 43520K, 36% used [0x00000000c3000000,0x00000000c3f5b3d0,0x00000000c5a80000)
 Metaspace       used 35579K, capacity 36124K, committed 36480K, reserved 1081344K
  class space    used 4570K, capacity 4721K, committed 4736K, reserved 1048576K
GC Heap History (10 events):
Event: 5.531 GC heap before
{Heap before GC invocations=6 (full 1):
 PSYoungGen      total 34304K, used 2532K [0x00000000ebb00000, 0x00000000f0900000, 0x0000000100000000)
  eden space 31744K, 0% used [0x00000000ebb00000,0x00000000ebb00000,0x00000000eda00000)
  from space 2560K, 98% used [0x00000000eda00000,0x00000000edc79050,0x00000000edc80000)
  to   space 8192K, 0% used [0x00000000f0100000,0x00000000f0100000,0x00000000f0900000)
 ParOldGen       total 42496K, used 14806K [0x00000000c3000000, 0x00000000c5980000, 0x00000000ebb00000)
  object space 42496K, 34% used [0x00000000c3000000,0x00000000c3e75800,0x00000000c5980000)
 Metaspace       used 20734K, capacity 21106K, committed 21296K, reserved 1069056K
  class space    used 2448K, capacity 2591K, committed 2688K, reserved 1048576K
Event: 5.646 GC heap after
Heap after GC invocations=6 (full 1):
 PSYoungGen      total 34304K, used 0K [0x00000000ebb00000, 0x00000000f0900000, 0x0000000100000000)
  eden space 31744K, 0% used [0x00000000ebb00000,0x00000000ebb00000,0x00000000eda00000)
  from space 2560K, 0% used [0x00000000eda00000,0x00000000eda00000,0x00000000edc80000)
  to   space 8192K, 0% used [0x00000000f0100000,0x00000000f0100000,0x00000000f0900000)
 ParOldGen       total 43520K, used 13172K [0x00000000c3000000, 0x00000000c5a80000, 0x00000000ebb00000)
  object space 43520K, 30% used [0x00000000c3000000,0x00000000c3cdd108,0x00000000c5a80000)
 Metaspace       used 20734K, capacity 21106K, committed 21296K, reserved 1069056K
  class space    used 2448K, capacity 2591K, committed 2688K, reserved 1048576K
}
Event: 8.333 GC heap before
{Heap before GC invocations=7 (full 1):
 PSYoungGen      total 34304K, used 31744K [0x00000000ebb00000, 0x00000000f0900000, 0x0000000100000000)
  eden space 31744K, 100% used [0x00000000ebb00000,0x00000000eda00000,0x00000000eda00000)
  from space 2560K, 0% used [0x00000000eda00000,0x00000000eda00000,0x00000000edc80000)
  to   space 8192K, 0% used [0x00000000f0100000,0x00000000f0100000,0x00000000f0900000)
 ParOldGen       total 43520K, used 13172K [0x00000000c3000000, 0x00000000c5a80000, 0x00000000ebb00000)
  object space 43520K, 30% used [0x00000000c3000000,0x00000000c3cdd108,0x00000000c5a80000)
 Metaspace       used 24359K, capacity 24782K, committed 24832K, reserved 1071104K
  class space    used 2906K, capacity 3057K, committed 3072K, reserved 1048576K
Event: 8.358 GC heap after
Heap after GC invocations=7 (full 1):
 PSYoungGen      total 53248K, used 7463K [0x00000000ebb00000, 0x00000000f0880000, 0x0000000100000000)
  eden space 45568K, 0% used [0x00000000ebb00000,0x00000000ebb00000,0x00000000ee780000)
  from space 7680K, 97% used [0x00000000f0100000,0x00000000f0849d18,0x00000000f0880000)
  to   space 8704K, 0% used [0x00000000ef780000,0x00000000ef780000,0x00000000f0000000)
 ParOldGen       total 43520K, used 13180K [0x00000000c3000000, 0x00000000c5a80000, 0x00000000ebb00000)
  object space 43520K, 30% used [0x00000000c3000000,0x00000000c3cdf108,0x00000000c5a80000)
 Metaspace       used 24359K, capacity 24782K, committed 24832K, reserved 1071104K
  class space    used 2906K, capacity 3057K, committed 3072K, reserved 1048576K
}
Event: 10.875 GC heap before
{Heap before GC invocations=8 (full 1):
 PSYoungGen      total 53248K, used 53031K [0x00000000ebb00000, 0x00000000f0880000, 0x0000000100000000)
  eden space 45568K, 100% used [0x00000000ebb00000,0x00000000ee780000,0x00000000ee780000)
  from space 7680K, 97% used [0x00000000f0100000,0x00000000f0849d18,0x00000000f0880000)
  to   space 8704K, 0% used [0x00000000ef780000,0x00000000ef780000,0x00000000f0000000)
 ParOldGen       total 43520K, used 13180K [0x00000000c3000000, 0x00000000c5a80000, 0x00000000ebb00000)
  object space 43520K, 30% used [0x00000000c3000000,0x00000000c3cdf108,0x00000000c5a80000)
 Metaspace       used 32698K, capacity 33176K, committed 33536K, reserved 1079296K
  class space    used 4223K, capacity 4348K, committed 4352K, reserved 1048576K
Event: 10.924 GC heap after
Heap after GC invocations=8 (full 1):
 PSYoungGen      total 70656K, used 8690K [0x00000000ebb00000, 0x00000000f1680000, 0x0000000100000000)
  eden space 61952K, 0% used [0x00000000ebb00000,0x00000000ebb00000,0x00000000ef780000)
  from space 8704K, 99% used [0x00000000ef780000,0x00000000efffca08,0x00000000f0000000)
  to   space 13824K, 0% used [0x00000000f0900000,0x00000000f0900000,0x00000000f1680000)
 ParOldGen       total 43520K, used 20776K [0x00000000c3000000, 0x00000000c5a80000, 0x00000000ebb00000)
  object space 43520K, 47% used [0x00000000c3000000,0x00000000c444a2d0,0x00000000c5a80000)
 Metaspace       used 32698K, capacity 33176K, committed 33536K, reserved 1079296K
  class space    used 4223K, capacity 4348K, committed 4352K, reserved 1048576K
}
Event: 11.392 GC heap before
{Heap before GC invocations=9 (full 1):
 PSYoungGen      total 70656K, used 18465K [0x00000000ebb00000, 0x00000000f1680000, 0x0000000100000000)
  eden space 61952K, 15% used [0x00000000ebb00000,0x00000000ec48bbb0,0x00000000ef780000)
  from space 8704K, 99% used [0x00000000ef780000,0x00000000efffca08,0x00000000f0000000)
  to   space 13824K, 0% used [0x00000000f0900000,0x00000000f0900000,0x00000000f1680000)
 ParOldGen       total 43520K, used 20776K [0x00000000c3000000, 0x00000000c5a80000, 0x00000000ebb00000)
  object space 43520K, 47% used [0x00000000c3000000,0x00000000c444a2d0,0x00000000c5a80000)
 Metaspace       used 34707K, capacity 35190K, committed 35456K, reserved 1079296K
  class space    used 4487K, capacity 4625K, committed 4736K, reserved 1048576K
Event: 11.430 GC heap after
Heap after GC invocations=9 (full 1):
 PSYoungGen      total 79360K, used 10364K [0x00000000ebb00000, 0x00000000f3800000, 0x0000000100000000)
  eden space 65536K, 0% used [0x00000000ebb00000,0x00000000ebb00000,0x00000000efb00000)
  from space 13824K, 74% used [0x00000000f0900000,0x00000000f131f3a8,0x00000000f1680000)
  to   space 14336K, 0% used [0x00000000efb00000,0x00000000efb00000,0x00000000f0900000)
 ParOldGen       total 43520K, used 20776K [0x00000000c3000000, 0x00000000c5a80000, 0x00000000ebb00000)
  object space 43520K, 47% used [0x00000000c3000000,0x00000000c444a2d0,0x00000000c5a80000)
 Metaspace       used 34707K, capacity 35190K, committed 35456K, reserved 1079296K
  class space    used 4487K, capacity 4625K, committed 4736K, reserved 1048576K
}
Event: 11.430 GC heap before
{Heap before GC invocations=10 (full 2):
 PSYoungGen      total 79360K, used 10364K [0x00000000ebb00000, 0x00000000f3800000, 0x0000000100000000)
  eden space 65536K, 0% used [0x00000000ebb00000,0x00000000ebb00000,0x00000000efb00000)
  from space 13824K, 74% used [0x00000000f0900000,0x00000000f131f3a8,0x00000000f1680000)
  to   space 14336K, 0% used [0x00000000efb00000,0x00000000efb00000,0x00000000f0900000)
 ParOldGen       total 43520K, used 20776K [0x00000000c3000000, 0x00000000c5a80000, 0x00000000ebb00000)
  object space 43520K, 47% used [0x00000000c3000000,0x00000000c444a2d0,0x00000000c5a80000)
 Metaspace       used 34707K, capacity 35190K, committed 35456K, reserved 1079296K
  class space    used 4487K, capacity 4625K, committed 4736K, reserved 1048576K
Event: 11.656 GC heap after
Heap after GC invocations=10 (full 2):
 PSYoungGen      total 79360K, used 0K [0x00000000ebb00000, 0x00000000f3800000, 0x0000000100000000)
  eden space 65536K, 0% used [0x00000000ebb00000,0x00000000ebb00000,0x00000000efb00000)
  from space 13824K, 0% used [0x00000000f0900000,0x00000000f0900000,0x00000000f1680000)
  to   space 14336K, 0% used [0x00000000efb00000,0x00000000efb00000,0x00000000f0900000)
 ParOldGen       total 43520K, used 15724K [0x00000000c3000000, 0x00000000c5a80000, 0x00000000ebb00000)
  object space 43520K, 36% used [0x00000000c3000000,0x00000000c3f5b3d0,0x00000000c5a80000)
 Metaspace       used 34707K, capacity 35190K, committed 35456K, reserved 1079296K
  class space    used 4487K, capacity 4625K, committed 4736K, reserved 1048576K
}

