# JRE version: OpenJDK Runtime Environment (8.0_212-b04) (build 1.8.0_212-release-1586-b04)
# Java VM: OpenJDK 64-Bit Server VM (25.212-b04 mixed mode windows-amd64 compressed oops)
Heap:
 PSYoungGen      total 280576K, used 67978K [0x00000000e0000000, 0x00000000f8e00000, 0x0000000100000000)
  eden space 223232K, 4% used [0x00000000e0000000,0x00000000e0a63460,0x00000000eda00000)
  from space 57344K, 99% used [0x00000000eda00000,0x00000000f11ff750,0x00000000f1200000)
  to   space 73728K, 0% used [0x00000000f4600000,0x00000000f4600000,0x00000000f8e00000)
 ParOldGen       total 231936K, used 160920K [0x00000000a0000000, 0x00000000ae280000, 0x00000000e0000000)
  object space 231936K, 69% used [0x00000000a0000000,0x00000000a9d263b0,0x00000000ae280000)
 Metaspace       used 89494K, capacity 92436K, committed 92696K, reserved 1130496K
  class space    used 11869K, capacity 12511K, committed 12584K, reserved 1048576K
GC Heap History (10 events):
Event: 136.193 GC heap before
{Heap before GC invocations=24 (full 4):
 PSYoungGen      total 206336K, used 16892K [0x00000000e0000000, 0x00000000f0e80000, 0x0000000100000000)
  eden space 189440K, 0% used [0x00000000e0000000,0x00000000e0000000,0x00000000eb900000)
  from space 16896K, 99% used [0x00000000edb80000,0x00000000eebff0b8,0x00000000eec00000)
  to   space 35328K, 0% used [0x00000000eb900000,0x00000000eb900000,0x00000000edb80000)
 ParOldGen       total 79872K, used 79850K [0x00000000a0000000, 0x00000000a4e00000, 0x00000000e0000000)
  object space 79872K, 99% used [0x00000000a0000000,0x00000000a4dfaa40,0x00000000a4e00000)
 Metaspace       used 75392K, capacity 77626K, committed 77976K, reserved 1116160K
  class space    used 10081K, capacity 10612K, committed 10664K, reserved 1048576K
Event: 138.034 GC heap after
Heap after GC invocations=24 (full 4):
 PSYoungGen      total 206336K, used 15822K [0x00000000e0000000, 0x00000000f0e80000, 0x0000000100000000)
  eden space 189440K, 0% used [0x00000000e0000000,0x00000000e0000000,0x00000000eb900000)
  from space 16896K, 93% used [0x00000000edb80000,0x00000000eeaf3af0,0x00000000eec00000)
  to   space 35328K, 0% used [0x00000000eb900000,0x00000000eb900000,0x00000000edb80000)
 ParOldGen       total 144384K, used 79792K [0x00000000a0000000, 0x00000000a8d00000, 0x00000000e0000000)
  object space 144384K, 55% used [0x00000000a0000000,0x00000000a4dec030,0x00000000a8d00000)
 Metaspace       used 75391K, capacity 77624K, committed 77976K, reserved 1116160K
  class space    used 10080K, capacity 10611K, committed 10664K, reserved 1048576K
}
Event: 145.118 GC heap before
{Heap before GC invocations=25 (full 4):
 PSYoungGen      total 206336K, used 205262K [0x00000000e0000000, 0x00000000f0e80000, 0x0000000100000000)
  eden space 189440K, 100% used [0x00000000e0000000,0x00000000eb900000,0x00000000eb900000)
  from space 16896K, 93% used [0x00000000edb80000,0x00000000eeaf3af0,0x00000000eec00000)
  to   space 35328K, 0% used [0x00000000eb900000,0x00000000eb900000,0x00000000edb80000)
 ParOldGen       total 144384K, used 79792K [0x00000000a0000000, 0x00000000a8d00000, 0x00000000e0000000)
  object space 144384K, 55% used [0x00000000a0000000,0x00000000a4dec030,0x00000000a8d00000)
 Metaspace       used 80058K, capacity 82318K, committed 82584K, reserved 1120256K
  class space    used 10582K, capacity 11116K, committed 11176K, reserved 1048576K
Event: 145.751 GC heap after
Heap after GC invocations=25 (full 4):
 PSYoungGen      total 224768K, used 35307K [0x00000000e0000000, 0x00000000f6900000, 0x0000000100000000)
  eden space 189440K, 0% used [0x00000000e0000000,0x00000000e0000000,0x00000000eb900000)
  from space 35328K, 99% used [0x00000000eb900000,0x00000000edb7aea8,0x00000000edb80000)
  to   space 60416K, 0% used [0x00000000f2e00000,0x00000000f2e00000,0x00000000f6900000)
 ParOldGen       total 144384K, used 131661K [0x00000000a0000000, 0x00000000a8d00000, 0x00000000e0000000)
  object space 144384K, 91% used [0x00000000a0000000,0x00000000a8093418,0x00000000a8d00000)
 Metaspace       used 80058K, capacity 82318K, committed 82584K, reserved 1120256K
  class space    used 10582K, capacity 11116K, committed 11176K, reserved 1048576K
}
Event: 145.751 GC heap before
{Heap before GC invocations=26 (full 5):
 PSYoungGen      total 224768K, used 35307K [0x00000000e0000000, 0x00000000f6900000, 0x0000000100000000)
  eden space 189440K, 0% used [0x00000000e0000000,0x00000000e0000000,0x00000000eb900000)
  from space 35328K, 99% used [0x00000000eb900000,0x00000000edb7aea8,0x00000000edb80000)
  to   space 60416K, 0% used [0x00000000f2e00000,0x00000000f2e00000,0x00000000f6900000)
 ParOldGen       total 144384K, used 131661K [0x00000000a0000000, 0x00000000a8d00000, 0x00000000e0000000)
  object space 144384K, 91% used [0x00000000a0000000,0x00000000a8093418,0x00000000a8d00000)
 Metaspace       used 80058K, capacity 82318K, committed 82584K, reserved 1120256K
  class space    used 10582K, capacity 11116K, committed 11176K, reserved 1048576K
Event: 147.843 GC heap after
Heap after GC invocations=26 (full 5):
 PSYoungGen      total 224768K, used 0K [0x00000000e0000000, 0x00000000f6900000, 0x0000000100000000)
  eden space 189440K, 0% used [0x00000000e0000000,0x00000000e0000000,0x00000000eb900000)
  from space 35328K, 0% used [0x00000000eb900000,0x00000000eb900000,0x00000000edb80000)
  to   space 60416K, 0% used [0x00000000f2e00000,0x00000000f2e00000,0x00000000f6900000)
 ParOldGen       total 231936K, used 143265K [0x00000000a0000000, 0x00000000ae280000, 0x00000000e0000000)
  object space 231936K, 61% used [0x00000000a0000000,0x00000000a8be8418,0x00000000ae280000)
 Metaspace       used 80058K, capacity 82318K, committed 82584K, reserved 1120256K
  class space    used 10582K, capacity 11116K, committed 11176K, reserved 1048576K
}
Event: 175.519 GC heap before
{Heap before GC invocations=27 (full 5):
 PSYoungGen      total 224768K, used 189440K [0x00000000e0000000, 0x00000000f6900000, 0x0000000100000000)
  eden space 189440K, 100% used [0x00000000e0000000,0x00000000eb900000,0x00000000eb900000)
  from space 35328K, 0% used [0x00000000eb900000,0x00000000eb900000,0x00000000edb80000)
  to   space 60416K, 0% used [0x00000000f2e00000,0x00000000f2e00000,0x00000000f6900000)
 ParOldGen       total 231936K, used 143265K [0x00000000a0000000, 0x00000000ae280000, 0x00000000e0000000)
  object space 231936K, 61% used [0x00000000a0000000,0x00000000a8be8418,0x00000000ae280000)
 Metaspace       used 87199K, capacity 89712K, committed 90008K, reserved 1126400K
  class space    used 11565K, capacity 12153K, committed 12200K, reserved 1048576K
Event: 175.612 GC heap after
Heap after GC invocations=27 (full 5):
 PSYoungGen      total 251904K, used 16315K [0x00000000e0000000, 0x00000000f4a00000, 0x0000000100000000)
  eden space 223232K, 0% used [0x00000000e0000000,0x00000000e0000000,0x00000000eda00000)
  from space 28672K, 56% used [0x00000000f2e00000,0x00000000f3deecc8,0x00000000f4a00000)
  to   space 57344K, 0% used [0x00000000eda00000,0x00000000eda00000,0x00000000f1200000)
 ParOldGen       total 231936K, used 143273K [0x00000000a0000000, 0x00000000ae280000, 0x00000000e0000000)
  object space 231936K, 61% used [0x00000000a0000000,0x00000000a8bea418,0x00000000ae280000)
 Metaspace       used 87199K, capacity 89712K, committed 90008K, reserved 1126400K
  class space    used 11565K, capacity 12153K, committed 12200K, reserved 1048576K
}
Event: 187.990 GC heap before
{Heap before GC invocations=28 (full 5):
 PSYoungGen      total 251904K, used 239547K [0x00000000e0000000, 0x00000000f4a00000, 0x0000000100000000)
  eden space 223232K, 100% used [0x00000000e0000000,0x00000000eda00000,0x00000000eda00000)
  from space 28672K, 56% used [0x00000000f2e00000,0x00000000f3deecc8,0x00000000f4a00000)
  to   space 57344K, 0% used [0x00000000eda00000,0x00000000eda00000,0x00000000f1200000)
 ParOldGen       total 231936K, used 143273K [0x00000000a0000000, 0x00000000ae280000, 0x00000000e0000000)
  object space 231936K, 61% used [0x00000000a0000000,0x00000000a8bea418,0x00000000ae280000)
 Metaspace       used 89439K, capacity 92372K, committed 92696K, reserved 1130496K
  class space    used 11869K, capacity 12511K, committed 12584K, reserved 1048576K
Event: 188.324 GC heap after
Heap after GC invocations=28 (full 5):
 PSYoungGen      total 280576K, used 57341K [0x00000000e0000000, 0x00000000f8e00000, 0x0000000100000000)
  eden space 223232K, 0% used [0x00000000e0000000,0x00000000e0000000,0x00000000eda00000)
  from space 57344K, 99% used [0x00000000eda00000,0x00000000f11ff750,0x00000000f1200000)
  to   space 73728K, 0% used [0x00000000f4600000,0x00000000f4600000,0x00000000f8e00000)
 ParOldGen       total 231936K, used 160920K [0x00000000a0000000, 0x00000000ae280000, 0x00000000e0000000)
  object space 231936K, 69% used [0x00000000a0000000,0x00000000a9d263b0,0x00000000ae280000)
 Metaspace       used 89439K, capacity 92372K, committed 92696K, reserved 1130496K
  class space    used 11869K, capacity 12511K, committed 12584K, reserved 1048576K
}

