# JRE version: OpenJDK Runtime Environment (8.0_212-b04) (build 1.8.0_212-release-1586-b04)
# Java VM: OpenJDK 64-Bit Server VM (25.212-b04 mixed mode windows-amd64 compressed oops)
Heap:
 PSYoungGen      total 224256K, used 83164K [0x00000000e0000000, 0x00000000f4b00000, 0x0000000100000000)
  eden space 154112K, 53% used [0x00000000e0000000,0x00000000e5137300,0x00000000e9680000)
  from space 70144K, 0% used [0x00000000e9680000,0x00000000e9680000,0x00000000edb00000)
  to   space 83968K, 0% used [0x00000000ef900000,0x00000000ef900000,0x00000000f4b00000)
 ParOldGen       total 279552K, used 149809K [0x00000000a0000000, 0x00000000b1100000, 0x00000000e0000000)
  object space 279552K, 53% used [0x00000000a0000000,0x00000000a924c610,0x00000000b1100000)
 Metaspace       used 107060K, capacity 110566K, committed 111000K, reserved 1146880K
  class space    used 13637K, capacity 14393K, committed 14504K, reserved 1048576K
GC Heap History (10 events):
Event: 2430.838 GC heap before
{Heap before GC invocations=32 (full 5):
 PSYoungGen      total 201216K, used 200387K [0x00000000e0000000, 0x00000000f2e00000, 0x0000000100000000)
  eden space 142848K, 99% used [0x00000000e0000000,0x00000000e8ab6ed0,0x00000000e8b80000)
  from space 58368K, 99% used [0x00000000ed400000,0x00000000f0cf9db8,0x00000000f0d00000)
  to   space 74240K, 0% used [0x00000000e8b80000,0x00000000e8b80000,0x00000000ed400000)
 ParOldGen       total 263680K, used 179004K [0x00000000a0000000, 0x00000000b0180000, 0x00000000e0000000)
  object space 263680K, 67% used [0x00000000a0000000,0x00000000aaecf3c8,0x00000000b0180000)
 Metaspace       used 101463K, capacity 104626K, committed 104728K, reserved 1140736K
  class space    used 13099K, capacity 13792K, committed 13864K, reserved 1048576K
Event: 2431.267 GC heap after
Heap after GC invocations=32 (full 5):
 PSYoungGen      total 217088K, used 8063K [0x00000000e0000000, 0x00000000f2680000, 0x0000000100000000)
  eden space 142848K, 0% used [0x00000000e0000000,0x00000000e0000000,0x00000000e8b80000)
  from space 74240K, 10% used [0x00000000e8b80000,0x00000000e935fff8,0x00000000ed400000)
  to   space 72704K, 0% used [0x00000000edf80000,0x00000000edf80000,0x00000000f2680000)
 ParOldGen       total 263680K, used 216852K [0x00000000a0000000, 0x00000000b0180000, 0x00000000e0000000)
  object space 263680K, 82% used [0x00000000a0000000,0x00000000ad3c5388,0x00000000b0180000)
 Metaspace       used 101463K, capacity 104626K, committed 104728K, reserved 1140736K
  class space    used 13099K, capacity 13792K, committed 13864K, reserved 1048576K
}
Event: 3671.128 GC heap before
{Heap before GC invocations=33 (full 5):
 PSYoungGen      total 217088K, used 150911K [0x00000000e0000000, 0x00000000f2680000, 0x0000000100000000)
  eden space 142848K, 100% used [0x00000000e0000000,0x00000000e8b80000,0x00000000e8b80000)
  from space 74240K, 10% used [0x00000000e8b80000,0x00000000e935fff8,0x00000000ed400000)
  to   space 72704K, 0% used [0x00000000edf80000,0x00000000edf80000,0x00000000f2680000)
 ParOldGen       total 263680K, used 216852K [0x00000000a0000000, 0x00000000b0180000, 0x00000000e0000000)
  object space 263680K, 82% used [0x00000000a0000000,0x00000000ad3c5388,0x00000000b0180000)
 Metaspace       used 102229K, capacity 105620K, committed 105880K, reserved 1140736K
  class space    used 13158K, capacity 13896K, committed 13992K, reserved 1048576K
Event: 3682.909 GC heap after
Heap after GC invocations=33 (full 5):
 PSYoungGen      total 219648K, used 9652K [0x00000000e0000000, 0x00000000f1f80000, 0x0000000100000000)
  eden space 154112K, 0% used [0x00000000e0000000,0x00000000e0000000,0x00000000e9680000)
  from space 65536K, 14% used [0x00000000edf80000,0x00000000ee8ed008,0x00000000f1f80000)
  to   space 70144K, 0% used [0x00000000e9680000,0x00000000e9680000,0x00000000edb00000)
 ParOldGen       total 263680K, used 216860K [0x00000000a0000000, 0x00000000b0180000, 0x00000000e0000000)
  object space 263680K, 82% used [0x00000000a0000000,0x00000000ad3c7388,0x00000000b0180000)
 Metaspace       used 102229K, capacity 105620K, committed 105880K, reserved 1140736K
  class space    used 13158K, capacity 13896K, committed 13992K, reserved 1048576K
}
Event: 3729.218 GC heap before
{Heap before GC invocations=34 (full 5):
 PSYoungGen      total 219648K, used 163764K [0x00000000e0000000, 0x00000000f1f80000, 0x0000000100000000)
  eden space 154112K, 100% used [0x00000000e0000000,0x00000000e9680000,0x00000000e9680000)
  from space 65536K, 14% used [0x00000000edf80000,0x00000000ee8ed008,0x00000000f1f80000)
  to   space 70144K, 0% used [0x00000000e9680000,0x00000000e9680000,0x00000000edb00000)
 ParOldGen       total 263680K, used 216860K [0x00000000a0000000, 0x00000000b0180000, 0x00000000e0000000)
  object space 263680K, 82% used [0x00000000a0000000,0x00000000ad3c7388,0x00000000b0180000)
 Metaspace       used 104225K, capacity 107680K, committed 107928K, reserved 1142784K
  class space    used 13369K, capacity 14132K, committed 14248K, reserved 1048576K
Event: 3733.661 GC heap after
Heap after GC invocations=34 (full 5):
 PSYoungGen      total 224256K, used 70113K [0x00000000e0000000, 0x00000000f4b00000, 0x0000000100000000)
  eden space 154112K, 0% used [0x00000000e0000000,0x00000000e0000000,0x00000000e9680000)
  from space 70144K, 99% used [0x00000000e9680000,0x00000000edaf8790,0x00000000edb00000)
  to   space 83968K, 0% used [0x00000000ef900000,0x00000000ef900000,0x00000000f4b00000)
 ParOldGen       total 263680K, used 219514K [0x00000000a0000000, 0x00000000b0180000, 0x00000000e0000000)
  object space 263680K, 83% used [0x00000000a0000000,0x00000000ad65ebd8,0x00000000b0180000)
 Metaspace       used 104225K, capacity 107680K, committed 107928K, reserved 1142784K
  class space    used 13369K, capacity 14132K, committed 14248K, reserved 1048576K
}
Event: 3744.215 GC heap before
{Heap before GC invocations=35 (full 5):
 PSYoungGen      total 224256K, used 224225K [0x00000000e0000000, 0x00000000f4b00000, 0x0000000100000000)
  eden space 154112K, 100% used [0x00000000e0000000,0x00000000e9680000,0x00000000e9680000)
  from space 70144K, 99% used [0x00000000e9680000,0x00000000edaf8790,0x00000000edb00000)
  to   space 83968K, 0% used [0x00000000ef900000,0x00000000ef900000,0x00000000f4b00000)
 ParOldGen       total 263680K, used 219514K [0x00000000a0000000, 0x00000000b0180000, 0x00000000e0000000)
  object space 263680K, 83% used [0x00000000a0000000,0x00000000ad65ebd8,0x00000000b0180000)
 Metaspace       used 107091K, capacity 110652K, committed 111000K, reserved 1146880K
  class space    used 13645K, capacity 14408K, committed 14504K, reserved 1048576K
Event: 3746.236 GC heap after
Heap after GC invocations=35 (full 5):
 PSYoungGen      total 224256K, used 224225K [0x00000000e0000000, 0x00000000f4b00000, 0x0000000100000000)
  eden space 154112K, 100% used [0x00000000e0000000,0x00000000e9680000,0x00000000e9680000)
  from space 70144K, 99% used [0x00000000e9680000,0x00000000edaf8790,0x00000000edb00000)
  to   space 83968K, 99% used [0x00000000ef900000,0x00000000f4afae68,0x00000000f4b00000)
 ParOldGen       total 273408K, used 273404K [0x00000000a0000000, 0x00000000b0b00000, 0x00000000e0000000)
  object space 273408K, 99% used [0x00000000a0000000,0x00000000b0aff3a8,0x00000000b0b00000)
 Metaspace       used 107091K, capacity 110652K, committed 111000K, reserved 1146880K
  class space    used 13645K, capacity 14408K, committed 14504K, reserved 1048576K
}
Event: 3746.237 GC heap before
{Heap before GC invocations=36 (full 6):
 PSYoungGen      total 224256K, used 224225K [0x00000000e0000000, 0x00000000f4b00000, 0x0000000100000000)
  eden space 154112K, 100% used [0x00000000e0000000,0x00000000e9680000,0x00000000e9680000)
  from space 70144K, 99% used [0x00000000e9680000,0x00000000edaf8790,0x00000000edb00000)
  to   space 83968K, 99% used [0x00000000ef900000,0x00000000f4afae68,0x00000000f4b00000)
 ParOldGen       total 273408K, used 273404K [0x00000000a0000000, 0x00000000b0b00000, 0x00000000e0000000)
  object space 273408K, 99% used [0x00000000a0000000,0x00000000b0aff3a8,0x00000000b0b00000)
 Metaspace       used 107091K, capacity 110652K, committed 111000K, reserved 1146880K
  class space    used 13645K, capacity 14408K, committed 14504K, reserved 1048576K
Event: 3775.515 GC heap after
Heap after GC invocations=36 (full 6):
 PSYoungGen      total 224256K, used 0K [0x00000000e0000000, 0x00000000f4b00000, 0x0000000100000000)
  eden space 154112K, 0% used [0x00000000e0000000,0x00000000e0000000,0x00000000e9680000)
  from space 70144K, 0% used [0x00000000e9680000,0x00000000e9680000,0x00000000edb00000)
  to   space 83968K, 0% used [0x00000000ef900000,0x00000000ef900000,0x00000000f4b00000)
 ParOldGen       total 279552K, used 149809K [0x00000000a0000000, 0x00000000b1100000, 0x00000000e0000000)
  object space 279552K, 53% used [0x00000000a0000000,0x00000000a924c610,0x00000000b1100000)
 Metaspace       used 107038K, capacity 110566K, committed 111000K, reserved 1146880K
  class space    used 13637K, capacity 14393K, committed 14504K, reserved 1048576K
}

