# JRE version: OpenJDK Runtime Environment (8.0_202-b03) (build 1.8.0_202-release-1483-b03)
# Java VM: OpenJDK 64-Bit Server VM (25.202-b03 mixed mode windows-amd64 compressed oops)
Heap:
 PSYoungGen      total 73728K, used 10888K [0x00000000ebb00000, 0x00000000f2f00000, 0x0000000100000000)
  eden space 60416K, 18% used [0x00000000ebb00000,0x00000000ec5a2158,0x00000000ef600000)
  from space 13312K, 0% used [0x00000000f0400000,0x00000000f0400000,0x00000000f1100000)
  to   space 14336K, 0% used [0x00000000ef600000,0x00000000ef600000,0x00000000f0400000)
 ParOldGen       total 41472K, used 15947K [0x00000000c3000000, 0x00000000c5880000, 0x00000000ebb00000)
  object space 41472K, 38% used [0x00000000c3000000,0x00000000c3f92cc8,0x00000000c5880000)
 Metaspace       used 35581K, capacity 36118K, committed 36480K, reserved 1081344K
  class space    used 4573K, capacity 4721K, committed 4736K, reserved 1048576K
GC Heap History (10 events):
Event: 6.872 GC heap before
{Heap before GC invocations=6 (full 1):
 PSYoungGen      total 34304K, used 2532K [0x00000000ebb00000, 0x00000000f0900000, 0x0000000100000000)
  eden space 31744K, 0% used [0x00000000ebb00000,0x00000000ebb00000,0x00000000eda00000)
  from space 2560K, 98% used [0x00000000eda00000,0x00000000edc79050,0x00000000edc80000)
  to   space 8192K, 0% used [0x00000000f0100000,0x00000000f0100000,0x00000000f0900000)
 ParOldGen       total 42496K, used 14767K [0x00000000c3000000, 0x00000000c5980000, 0x00000000ebb00000)
  object space 42496K, 34% used [0x00000000c3000000,0x00000000c3e6bc00,0x00000000c5980000)
 Metaspace       used 20755K, capacity 21102K, committed 21296K, reserved 1069056K
  class space    used 2448K, capacity 2591K, committed 2688K, reserved 1048576K
Event: 7.082 GC heap after
Heap after GC invocations=6 (full 1):
 PSYoungGen      total 34304K, used 0K [0x00000000ebb00000, 0x00000000f0900000, 0x0000000100000000)
  eden space 31744K, 0% used [0x00000000ebb00000,0x00000000ebb00000,0x00000000eda00000)
  from space 2560K, 0% used [0x00000000eda00000,0x00000000eda00000,0x00000000edc80000)
  to   space 8192K, 0% used [0x00000000f0100000,0x00000000f0100000,0x00000000f0900000)
 ParOldGen       total 41472K, used 10469K [0x00000000c3000000, 0x00000000c5880000, 0x00000000ebb00000)
  object space 41472K, 25% used [0x00000000c3000000,0x00000000c3a39658,0x00000000c5880000)
 Metaspace       used 20755K, capacity 21102K, committed 21296K, reserved 1069056K
  class space    used 2448K, capacity 2591K, committed 2688K, reserved 1048576K
}
Event: 10.161 GC heap before
{Heap before GC invocations=7 (full 1):
 PSYoungGen      total 34304K, used 31744K [0x00000000ebb00000, 0x00000000f0900000, 0x0000000100000000)
  eden space 31744K, 100% used [0x00000000ebb00000,0x00000000eda00000,0x00000000eda00000)
  from space 2560K, 0% used [0x00000000eda00000,0x00000000eda00000,0x00000000edc80000)
  to   space 8192K, 0% used [0x00000000f0100000,0x00000000f0100000,0x00000000f0900000)
 ParOldGen       total 41472K, used 10469K [0x00000000c3000000, 0x00000000c5880000, 0x00000000ebb00000)
  object space 41472K, 25% used [0x00000000c3000000,0x00000000c3a39658,0x00000000c5880000)
 Metaspace       used 24389K, capacity 24842K, committed 25088K, reserved 1071104K
  class space    used 2907K, capacity 3057K, committed 3072K, reserved 1048576K
Event: 10.197 GC heap after
Heap after GC invocations=7 (full 1):
 PSYoungGen      total 51712K, used 7484K [0x00000000ebb00000, 0x00000000f0880000, 0x0000000100000000)
  eden space 44032K, 0% used [0x00000000ebb00000,0x00000000ebb00000,0x00000000ee600000)
  from space 7680K, 97% used [0x00000000f0100000,0x00000000f084f120,0x00000000f0880000)
  to   space 8704K, 0% used [0x00000000ef780000,0x00000000ef780000,0x00000000f0000000)
 ParOldGen       total 41472K, used 10477K [0x00000000c3000000, 0x00000000c5880000, 0x00000000ebb00000)
  object space 41472K, 25% used [0x00000000c3000000,0x00000000c3a3b658,0x00000000c5880000)
 Metaspace       used 24389K, capacity 24842K, committed 25088K, reserved 1071104K
  class space    used 2907K, capacity 3057K, committed 3072K, reserved 1048576K
}
Event: 12.744 GC heap before
{Heap before GC invocations=8 (full 1):
 PSYoungGen      total 51712K, used 51516K [0x00000000ebb00000, 0x00000000f0880000, 0x0000000100000000)
  eden space 44032K, 100% used [0x00000000ebb00000,0x00000000ee600000,0x00000000ee600000)
  from space 7680K, 97% used [0x00000000f0100000,0x00000000f084f120,0x00000000f0880000)
  to   space 8704K, 0% used [0x00000000ef780000,0x00000000ef780000,0x00000000f0000000)
 ParOldGen       total 41472K, used 10477K [0x00000000c3000000, 0x00000000c5880000, 0x00000000ebb00000)
  object space 41472K, 25% used [0x00000000c3000000,0x00000000c3a3b658,0x00000000c5880000)
 Metaspace       used 32348K, capacity 32818K, committed 33280K, reserved 1079296K
  class space    used 4121K, capacity 4251K, committed 4352K, reserved 1048576K
Event: 12.800 GC heap after
Heap after GC invocations=8 (full 1):
 PSYoungGen      total 70144K, used 8675K [0x00000000ebb00000, 0x00000000f1100000, 0x0000000100000000)
  eden space 61440K, 0% used [0x00000000ebb00000,0x00000000ebb00000,0x00000000ef700000)
  from space 8704K, 99% used [0x00000000ef780000,0x00000000efff8f40,0x00000000f0000000)
  to   space 13312K, 0% used [0x00000000f0400000,0x00000000f0400000,0x00000000f1100000)
 ParOldGen       total 41472K, used 17749K [0x00000000c3000000, 0x00000000c5880000, 0x00000000ebb00000)
  object space 41472K, 42% used [0x00000000c3000000,0x00000000c41555a8,0x00000000c5880000)
 Metaspace       used 32348K, capacity 32818K, committed 33280K, reserved 1079296K
  class space    used 4121K, capacity 4251K, committed 4352K, reserved 1048576K
}
Event: 13.700 GC heap before
{Heap before GC invocations=9 (full 1):
 PSYoungGen      total 70144K, used 19700K [0x00000000ebb00000, 0x00000000f1100000, 0x0000000100000000)
  eden space 61440K, 17% used [0x00000000ebb00000,0x00000000ec5c4478,0x00000000ef700000)
  from space 8704K, 99% used [0x00000000ef780000,0x00000000efff8f40,0x00000000f0000000)
  to   space 13312K, 0% used [0x00000000f0400000,0x00000000f0400000,0x00000000f1100000)
 ParOldGen       total 41472K, used 17749K [0x00000000c3000000, 0x00000000c5880000, 0x00000000ebb00000)
  object space 41472K, 42% used [0x00000000c3000000,0x00000000c41555a8,0x00000000c5880000)
 Metaspace       used 34689K, capacity 35190K, committed 35456K, reserved 1079296K
  class space    used 4480K, capacity 4625K, committed 4736K, reserved 1048576K
Event: 13.745 GC heap after
Heap after GC invocations=9 (full 1):
 PSYoungGen      total 73728K, used 10597K [0x00000000ebb00000, 0x00000000f2f00000, 0x0000000100000000)
  eden space 60416K, 0% used [0x00000000ebb00000,0x00000000ebb00000,0x00000000ef600000)
  from space 13312K, 79% used [0x00000000f0400000,0x00000000f0e59428,0x00000000f1100000)
  to   space 14336K, 0% used [0x00000000ef600000,0x00000000ef600000,0x00000000f0400000)
 ParOldGen       total 41472K, used 17757K [0x00000000c3000000, 0x00000000c5880000, 0x00000000ebb00000)
  object space 41472K, 42% used [0x00000000c3000000,0x00000000c41575a8,0x00000000c5880000)
 Metaspace       used 34689K, capacity 35190K, committed 35456K, reserved 1079296K
  class space    used 4480K, capacity 4625K, committed 4736K, reserved 1048576K
}
Event: 13.746 GC heap before
{Heap before GC invocations=10 (full 2):
 PSYoungGen      total 73728K, used 10597K [0x00000000ebb00000, 0x00000000f2f00000, 0x0000000100000000)
  eden space 60416K, 0% used [0x00000000ebb00000,0x00000000ebb00000,0x00000000ef600000)
  from space 13312K, 79% used [0x00000000f0400000,0x00000000f0e59428,0x00000000f1100000)
  to   space 14336K, 0% used [0x00000000ef600000,0x00000000ef600000,0x00000000f0400000)
 ParOldGen       total 41472K, used 17757K [0x00000000c3000000, 0x00000000c5880000, 0x00000000ebb00000)
  object space 41472K, 42% used [0x00000000c3000000,0x00000000c41575a8,0x00000000c5880000)
 Metaspace       used 34689K, capacity 35190K, committed 35456K, reserved 1079296K
  class space    used 4480K, capacity 4625K, committed 4736K, reserved 1048576K
Event: 14.104 GC heap after
Heap after GC invocations=10 (full 2):
 PSYoungGen      total 73728K, used 0K [0x00000000ebb00000, 0x00000000f2f00000, 0x0000000100000000)
  eden space 60416K, 0% used [0x00000000ebb00000,0x00000000ebb00000,0x00000000ef600000)
  from space 13312K, 0% used [0x00000000f0400000,0x00000000f0400000,0x00000000f1100000)
  to   space 14336K, 0% used [0x00000000ef600000,0x00000000ef600000,0x00000000f0400000)
 ParOldGen       total 41472K, used 15947K [0x00000000c3000000, 0x00000000c5880000, 0x00000000ebb00000)
  object space 41472K, 38% used [0x00000000c3000000,0x00000000c3f92cc8,0x00000000c5880000)
 Metaspace       used 34689K, capacity 35190K, committed 35456K, reserved 1079296K
  class space    used 4480K, capacity 4625K, committed 4736K, reserved 1048576K
}

