# JRE version: OpenJDK Runtime Environment (8.0_212-b04) (build 1.8.0_212-release-1586-b04)
# Java VM: OpenJDK 64-Bit Server VM (25.212-b04 mixed mode windows-amd64 compressed oops)
Heap:
 PSYoungGen      total 94720K, used 61112K [0x00000000e0000000, 0x00000000e7880000, 0x0000000100000000)
  eden space 67584K, 90% used [0x00000000e0000000,0x00000000e3bae2b0,0x00000000e4200000)
  from space 27136K, 0% used [0x00000000e5d00000,0x00000000e5d00000,0x00000000e7780000)
  to   space 27648K, 0% used [0x00000000e4200000,0x00000000e4200000,0x00000000e5d00000)
 ParOldGen       total 84480K, used 43709K [0x00000000a0000000, 0x00000000a5280000, 0x00000000e0000000)
  object space 84480K, 51% used [0x00000000a0000000,0x00000000a2aaf780,0x00000000a5280000)
 Metaspace       used 93171K, capacity 98040K, committed 102272K, reserved 1138688K
  class space    used 11903K, capacity 12926K, committed 13696K, reserved 1048576K
GC Heap History (10 events):
Event: 19584.981 GC heap before
{Heap before GC invocations=46 (full 3):
 PSYoungGen      total 76800K, used 69327K [0x00000000e0000000, 0x00000000e6a80000, 0x0000000100000000)
  eden space 52224K, 100% used [0x00000000e0000000,0x00000000e3300000,0x00000000e3300000)
  from space 24576K, 69% used [0x00000000e4b80000,0x00000000e5c33e28,0x00000000e6380000)
  to   space 25088K, 0% used [0x00000000e3300000,0x00000000e3300000,0x00000000e4b80000)
 ParOldGen       total 84480K, used 53277K [0x00000000a0000000, 0x00000000a5280000, 0x00000000e0000000)
  object space 84480K, 63% used [0x00000000a0000000,0x00000000a34075d8,0x00000000a5280000)
 Metaspace       used 86090K, capacity 92658K, committed 92928K, reserved 1130496K
  class space    used 11170K, capacity 12445K, committed 12544K, reserved 1048576K
Event: 19585.042 GC heap after
Heap after GC invocations=46 (full 3):
 PSYoungGen      total 77312K, used 17525K [0x00000000e0000000, 0x00000000e6b00000, 0x0000000100000000)
  eden space 52224K, 0% used [0x00000000e0000000,0x00000000e0000000,0x00000000e3300000)
  from space 25088K, 69% used [0x00000000e3300000,0x00000000e441d708,0x00000000e4b80000)
  to   space 25088K, 0% used [0x00000000e5280000,0x00000000e5280000,0x00000000e6b00000)
 ParOldGen       total 84480K, used 54409K [0x00000000a0000000, 0x00000000a5280000, 0x00000000e0000000)
  object space 84480K, 64% used [0x00000000a0000000,0x00000000a3522608,0x00000000a5280000)
 Metaspace       used 86090K, capacity 92658K, committed 92928K, reserved 1130496K
  class space    used 11170K, capacity 12445K, committed 12544K, reserved 1048576K
}
Event: 19585.824 GC heap before
{Heap before GC invocations=47 (full 3):
 PSYoungGen      total 77312K, used 69749K [0x00000000e0000000, 0x00000000e6b00000, 0x0000000100000000)
  eden space 52224K, 100% used [0x00000000e0000000,0x00000000e3300000,0x00000000e3300000)
  from space 25088K, 69% used [0x00000000e3300000,0x00000000e441d708,0x00000000e4b80000)
  to   space 25088K, 0% used [0x00000000e5280000,0x00000000e5280000,0x00000000e6b00000)
 ParOldGen       total 84480K, used 54409K [0x00000000a0000000, 0x00000000a5280000, 0x00000000e0000000)
  object space 84480K, 64% used [0x00000000a0000000,0x00000000a3522608,0x00000000a5280000)
 Metaspace       used 86098K, capacity 92658K, committed 92928K, reserved 1130496K
  class space    used 11170K, capacity 12445K, committed 12544K, reserved 1048576K
Event: 19585.879 GC heap after
Heap after GC invocations=47 (full 3):
 PSYoungGen      total 84480K, used 14062K [0x00000000e0000000, 0x00000000e6a80000, 0x0000000100000000)
  eden space 59904K, 0% used [0x00000000e0000000,0x00000000e0000000,0x00000000e3a80000)
  from space 24576K, 57% used [0x00000000e5280000,0x00000000e603b950,0x00000000e6a80000)
  to   space 24576K, 0% used [0x00000000e3a80000,0x00000000e3a80000,0x00000000e5280000)
 ParOldGen       total 84480K, used 54889K [0x00000000a0000000, 0x00000000a5280000, 0x00000000e0000000)
  object space 84480K, 64% used [0x00000000a0000000,0x00000000a359a628,0x00000000a5280000)
 Metaspace       used 86098K, capacity 92658K, committed 92928K, reserved 1130496K
  class space    used 11170K, capacity 12445K, committed 12544K, reserved 1048576K
}
Event: 19595.498 GC heap before
{Heap before GC invocations=48 (full 3):
 PSYoungGen      total 84480K, used 73966K [0x00000000e0000000, 0x00000000e6a80000, 0x0000000100000000)
  eden space 59904K, 100% used [0x00000000e0000000,0x00000000e3a80000,0x00000000e3a80000)
  from space 24576K, 57% used [0x00000000e5280000,0x00000000e603b950,0x00000000e6a80000)
  to   space 24576K, 0% used [0x00000000e3a80000,0x00000000e3a80000,0x00000000e5280000)
 ParOldGen       total 84480K, used 54889K [0x00000000a0000000, 0x00000000a5280000, 0x00000000e0000000)
  object space 84480K, 64% used [0x00000000a0000000,0x00000000a359a628,0x00000000a5280000)
 Metaspace       used 90508K, capacity 97346K, committed 97536K, reserved 1134592K
  class space    used 11687K, capacity 13015K, committed 13056K, reserved 1048576K
Event: 19595.597 GC heap after
Heap after GC invocations=48 (full 3):
 PSYoungGen      total 84480K, used 24254K [0x00000000e0000000, 0x00000000e7780000, 0x0000000100000000)
  eden space 59904K, 0% used [0x00000000e0000000,0x00000000e0000000,0x00000000e3a80000)
  from space 24576K, 98% used [0x00000000e3a80000,0x00000000e522f8f8,0x00000000e5280000)
  to   space 27136K, 0% used [0x00000000e5d00000,0x00000000e5d00000,0x00000000e7780000)
 ParOldGen       total 84480K, used 54993K [0x00000000a0000000, 0x00000000a5280000, 0x00000000e0000000)
  object space 84480K, 65% used [0x00000000a0000000,0x00000000a35b4628,0x00000000a5280000)
 Metaspace       used 90508K, capacity 97346K, committed 97536K, reserved 1134592K
  class space    used 11687K, capacity 13015K, committed 13056K, reserved 1048576K
}
Event: 19598.009 GC heap before
{Heap before GC invocations=49 (full 3):
 PSYoungGen      total 84480K, used 38717K [0x00000000e0000000, 0x00000000e7780000, 0x0000000100000000)
  eden space 59904K, 24% used [0x00000000e0000000,0x00000000e0e1fcc0,0x00000000e3a80000)
  from space 24576K, 98% used [0x00000000e3a80000,0x00000000e522f8f8,0x00000000e5280000)
  to   space 27136K, 0% used [0x00000000e5d00000,0x00000000e5d00000,0x00000000e7780000)
 ParOldGen       total 84480K, used 54993K [0x00000000a0000000, 0x00000000a5280000, 0x00000000e0000000)
  object space 84480K, 65% used [0x00000000a0000000,0x00000000a35b4628,0x00000000a5280000)
 Metaspace       used 91712K, capacity 98534K, committed 98600K, reserved 1134592K
  class space    used 11847K, capacity 13175K, committed 13184K, reserved 1048576K
Event: 19598.088 GC heap after
Heap after GC invocations=49 (full 3):
 PSYoungGen      total 94720K, used 18842K [0x00000000e0000000, 0x00000000e7880000, 0x0000000100000000)
  eden space 67584K, 0% used [0x00000000e0000000,0x00000000e0000000,0x00000000e4200000)
  from space 27136K, 69% used [0x00000000e5d00000,0x00000000e6f66998,0x00000000e7780000)
  to   space 27648K, 0% used [0x00000000e4200000,0x00000000e4200000,0x00000000e5d00000)
 ParOldGen       total 84480K, used 55201K [0x00000000a0000000, 0x00000000a5280000, 0x00000000e0000000)
  object space 84480K, 65% used [0x00000000a0000000,0x00000000a35e8628,0x00000000a5280000)
 Metaspace       used 91712K, capacity 98534K, committed 98600K, reserved 1134592K
  class space    used 11847K, capacity 13175K, committed 13184K, reserved 1048576K
}
Event: 19598.088 GC heap before
{Heap before GC invocations=50 (full 4):
 PSYoungGen      total 94720K, used 18842K [0x00000000e0000000, 0x00000000e7880000, 0x0000000100000000)
  eden space 67584K, 0% used [0x00000000e0000000,0x00000000e0000000,0x00000000e4200000)
  from space 27136K, 69% used [0x00000000e5d00000,0x00000000e6f66998,0x00000000e7780000)
  to   space 27648K, 0% used [0x00000000e4200000,0x00000000e4200000,0x00000000e5d00000)
 ParOldGen       total 84480K, used 55201K [0x00000000a0000000, 0x00000000a5280000, 0x00000000e0000000)
  object space 84480K, 65% used [0x00000000a0000000,0x00000000a35e8628,0x00000000a5280000)
 Metaspace       used 91712K, capacity 98534K, committed 98600K, reserved 1134592K
  class space    used 11847K, capacity 13175K, committed 13184K, reserved 1048576K
Event: 19609.082 GC heap after
Heap after GC invocations=50 (full 4):
 PSYoungGen      total 94720K, used 0K [0x00000000e0000000, 0x00000000e7880000, 0x0000000100000000)
  eden space 67584K, 0% used [0x00000000e0000000,0x00000000e0000000,0x00000000e4200000)
  from space 27136K, 0% used [0x00000000e5d00000,0x00000000e5d00000,0x00000000e7780000)
  to   space 27648K, 0% used [0x00000000e4200000,0x00000000e4200000,0x00000000e5d00000)
 ParOldGen       total 84480K, used 43709K [0x00000000a0000000, 0x00000000a5280000, 0x00000000e0000000)
  object space 84480K, 51% used [0x00000000a0000000,0x00000000a2aaf780,0x00000000a5280000)
 Metaspace       used 89012K, capacity 93472K, committed 98600K, reserved 1134592K
  class space    used 11295K, capacity 12211K, committed 13184K, reserved 1048576K
}

