# JRE version: OpenJDK Runtime Environment (8.0_202-b03) (build 1.8.0_202-release-1483-b03)
# Java VM: OpenJDK 64-Bit Server VM (25.202-b03 mixed mode windows-amd64 compressed oops)
Heap:
 PSYoungGen      total 81920K, used 9437K [0x00000000ebb00000, 0x00000000f3700000, 0x0000000100000000)
  eden space 68096K, 13% used [0x00000000ebb00000,0x00000000ec4377c0,0x00000000efd80000)
  from space 13824K, 0% used [0x00000000f0b80000,0x00000000f0b80000,0x00000000f1900000)
  to   space 14336K, 0% used [0x00000000efd80000,0x00000000efd80000,0x00000000f0b80000)
 ParOldGen       total 43520K, used 15917K [0x00000000c3000000, 0x00000000c5a80000, 0x00000000ebb00000)
  object space 43520K, 36% used [0x00000000c3000000,0x00000000c3f8b730,0x00000000c5a80000)
 Metaspace       used 35569K, capacity 36124K, committed 36480K, reserved 1081344K
  class space    used 4568K, capacity 4721K, committed 4736K, reserved 1048576K
GC Heap History (10 events):
Event: 5.329 GC heap before
{Heap before GC invocations=6 (full 1):
 PSYoungGen      total 34304K, used 2544K [0x00000000ebb00000, 0x00000000f0900000, 0x0000000100000000)
  eden space 31744K, 0% used [0x00000000ebb00000,0x00000000ebb00000,0x00000000eda00000)
  from space 2560K, 99% used [0x00000000eda00000,0x00000000edc7c020,0x00000000edc80000)
  to   space 8192K, 0% used [0x00000000f0100000,0x00000000f0100000,0x00000000f0900000)
 ParOldGen       total 42496K, used 14768K [0x00000000c3000000, 0x00000000c5980000, 0x00000000ebb00000)
  object space 42496K, 34% used [0x00000000c3000000,0x00000000c3e6c080,0x00000000c5980000)
 Metaspace       used 20727K, capacity 21102K, committed 21296K, reserved 1069056K
  class space    used 2449K, capacity 2591K, committed 2688K, reserved 1048576K
Event: 5.444 GC heap after
Heap after GC invocations=6 (full 1):
 PSYoungGen      total 34304K, used 0K [0x00000000ebb00000, 0x00000000f0900000, 0x0000000100000000)
  eden space 31744K, 0% used [0x00000000ebb00000,0x00000000ebb00000,0x00000000eda00000)
  from space 2560K, 0% used [0x00000000eda00000,0x00000000eda00000,0x00000000edc80000)
  to   space 8192K, 0% used [0x00000000f0100000,0x00000000f0100000,0x00000000f0900000)
 ParOldGen       total 43520K, used 13304K [0x00000000c3000000, 0x00000000c5a80000, 0x00000000ebb00000)
  object space 43520K, 30% used [0x00000000c3000000,0x00000000c3cfe128,0x00000000c5a80000)
 Metaspace       used 20727K, capacity 21102K, committed 21296K, reserved 1069056K
  class space    used 2449K, capacity 2591K, committed 2688K, reserved 1048576K
}
Event: 7.398 GC heap before
{Heap before GC invocations=7 (full 1):
 PSYoungGen      total 34304K, used 31744K [0x00000000ebb00000, 0x00000000f0900000, 0x0000000100000000)
  eden space 31744K, 100% used [0x00000000ebb00000,0x00000000eda00000,0x00000000eda00000)
  from space 2560K, 0% used [0x00000000eda00000,0x00000000eda00000,0x00000000edc80000)
  to   space 8192K, 0% used [0x00000000f0100000,0x00000000f0100000,0x00000000f0900000)
 ParOldGen       total 43520K, used 13304K [0x00000000c3000000, 0x00000000c5a80000, 0x00000000ebb00000)
  object space 43520K, 30% used [0x00000000c3000000,0x00000000c3cfe128,0x00000000c5a80000)
 Metaspace       used 24332K, capacity 24778K, committed 24832K, reserved 1071104K
  class space    used 2906K, capacity 3057K, committed 3072K, reserved 1048576K
Event: 7.437 GC heap after
Heap after GC invocations=7 (full 1):
 PSYoungGen      total 54784K, used 7451K [0x00000000ebb00000, 0x00000000f0880000, 0x0000000100000000)
  eden space 47104K, 0% used [0x00000000ebb00000,0x00000000ebb00000,0x00000000ee900000)
  from space 7680K, 97% used [0x00000000f0100000,0x00000000f0846f20,0x00000000f0880000)
  to   space 8704K, 0% used [0x00000000ef780000,0x00000000ef780000,0x00000000f0000000)
 ParOldGen       total 43520K, used 13312K [0x00000000c3000000, 0x00000000c5a80000, 0x00000000ebb00000)
  object space 43520K, 30% used [0x00000000c3000000,0x00000000c3d00128,0x00000000c5a80000)
 Metaspace       used 24332K, capacity 24778K, committed 24832K, reserved 1071104K
  class space    used 2906K, capacity 3057K, committed 3072K, reserved 1048576K
}
Event: 10.225 GC heap before
{Heap before GC invocations=8 (full 1):
 PSYoungGen      total 54784K, used 54555K [0x00000000ebb00000, 0x00000000f0880000, 0x0000000100000000)
  eden space 47104K, 100% used [0x00000000ebb00000,0x00000000ee900000,0x00000000ee900000)
  from space 7680K, 97% used [0x00000000f0100000,0x00000000f0846f20,0x00000000f0880000)
  to   space 8704K, 0% used [0x00000000ef780000,0x00000000ef780000,0x00000000f0000000)
 ParOldGen       total 43520K, used 13312K [0x00000000c3000000, 0x00000000c5a80000, 0x00000000ebb00000)
  object space 43520K, 30% used [0x00000000c3000000,0x00000000c3d00128,0x00000000c5a80000)
 Metaspace       used 32442K, capacity 32946K, committed 33280K, reserved 1079296K
  class space    used 4168K, capacity 4315K, committed 4352K, reserved 1048576K
Event: 10.265 GC heap after
Heap after GC invocations=8 (full 1):
 PSYoungGen      total 70656K, used 8699K [0x00000000ebb00000, 0x00000000f1900000, 0x0000000100000000)
  eden space 61952K, 0% used [0x00000000ebb00000,0x00000000ebb00000,0x00000000ef780000)
  from space 8704K, 99% used [0x00000000ef780000,0x00000000efffee00,0x00000000f0000000)
  to   space 13824K, 0% used [0x00000000f0b80000,0x00000000f0b80000,0x00000000f1900000)
 ParOldGen       total 43520K, used 20695K [0x00000000c3000000, 0x00000000c5a80000, 0x00000000ebb00000)
  object space 43520K, 47% used [0x00000000c3000000,0x00000000c4435ef8,0x00000000c5a80000)
 Metaspace       used 32442K, capacity 32946K, committed 33280K, reserved 1079296K
  class space    used 4168K, capacity 4315K, committed 4352K, reserved 1048576K
}
Event: 10.789 GC heap before
{Heap before GC invocations=9 (full 1):
 PSYoungGen      total 70656K, used 18510K [0x00000000ebb00000, 0x00000000f1900000, 0x0000000100000000)
  eden space 61952K, 15% used [0x00000000ebb00000,0x00000000ec494a90,0x00000000ef780000)
  from space 8704K, 99% used [0x00000000ef780000,0x00000000efffee00,0x00000000f0000000)
  to   space 13824K, 0% used [0x00000000f0b80000,0x00000000f0b80000,0x00000000f1900000)
 ParOldGen       total 43520K, used 20695K [0x00000000c3000000, 0x00000000c5a80000, 0x00000000ebb00000)
  object space 43520K, 47% used [0x00000000c3000000,0x00000000c4435ef8,0x00000000c5a80000)
 Metaspace       used 34692K, capacity 35190K, committed 35456K, reserved 1079296K
  class space    used 4482K, capacity 4625K, committed 4736K, reserved 1048576K
Event: 10.827 GC heap after
Heap after GC invocations=9 (full 1):
 PSYoungGen      total 81920K, used 10573K [0x00000000ebb00000, 0x00000000f3700000, 0x0000000100000000)
  eden space 68096K, 0% used [0x00000000ebb00000,0x00000000ebb00000,0x00000000efd80000)
  from space 13824K, 76% used [0x00000000f0b80000,0x00000000f15d3498,0x00000000f1900000)
  to   space 14336K, 0% used [0x00000000efd80000,0x00000000efd80000,0x00000000f0b80000)
 ParOldGen       total 43520K, used 20703K [0x00000000c3000000, 0x00000000c5a80000, 0x00000000ebb00000)
  object space 43520K, 47% used [0x00000000c3000000,0x00000000c4437ef8,0x00000000c5a80000)
 Metaspace       used 34692K, capacity 35190K, committed 35456K, reserved 1079296K
  class space    used 4482K, capacity 4625K, committed 4736K, reserved 1048576K
}
Event: 10.827 GC heap before
{Heap before GC invocations=10 (full 2):
 PSYoungGen      total 81920K, used 10573K [0x00000000ebb00000, 0x00000000f3700000, 0x0000000100000000)
  eden space 68096K, 0% used [0x00000000ebb00000,0x00000000ebb00000,0x00000000efd80000)
  from space 13824K, 76% used [0x00000000f0b80000,0x00000000f15d3498,0x00000000f1900000)
  to   space 14336K, 0% used [0x00000000efd80000,0x00000000efd80000,0x00000000f0b80000)
 ParOldGen       total 43520K, used 20703K [0x00000000c3000000, 0x00000000c5a80000, 0x00000000ebb00000)
  object space 43520K, 47% used [0x00000000c3000000,0x00000000c4437ef8,0x00000000c5a80000)
 Metaspace       used 34692K, capacity 35190K, committed 35456K, reserved 1079296K
  class space    used 4482K, capacity 4625K, committed 4736K, reserved 1048576K
Event: 11.079 GC heap after
Heap after GC invocations=10 (full 2):
 PSYoungGen      total 81920K, used 0K [0x00000000ebb00000, 0x00000000f3700000, 0x0000000100000000)
  eden space 68096K, 0% used [0x00000000ebb00000,0x00000000ebb00000,0x00000000efd80000)
  from space 13824K, 0% used [0x00000000f0b80000,0x00000000f0b80000,0x00000000f1900000)
  to   space 14336K, 0% used [0x00000000efd80000,0x00000000efd80000,0x00000000f0b80000)
 ParOldGen       total 43520K, used 15917K [0x00000000c3000000, 0x00000000c5a80000, 0x00000000ebb00000)
  object space 43520K, 36% used [0x00000000c3000000,0x00000000c3f8b730,0x00000000c5a80000)
 Metaspace       used 34692K, capacity 35190K, committed 35456K, reserved 1079296K
  class space    used 4482K, capacity 4625K, committed 4736K, reserved 1048576K
}

