# JRE version: OpenJDK Runtime Environment (8.0_202-b03) (build 1.8.0_202-release-1483-b03)
# Java VM: OpenJDK 64-Bit Server VM (25.202-b03 mixed mode windows-amd64 compressed oops)
Heap:
 PSYoungGen      total 381952K, used 312691K [0x00000000e0000000, 0x00000000fa880000, 0x0000000100000000)
  eden space 377344K, 82% used [0x00000000e0000000,0x00000000f315cd28,0x00000000f7080000)
  from space 4608K, 0% used [0x00000000f7080000,0x00000000f7080000,0x00000000f7500000)
  to   space 28672K, 0% used [0x00000000f8c80000,0x00000000f8c80000,0x00000000fa880000)
 ParOldGen       total 82944K, used 30521K [0x00000000a0000000, 0x00000000a5100000, 0x00000000e0000000)
  object space 82944K, 36% used [0x00000000a0000000,0x00000000a1dce588,0x00000000a5100000)
 Metaspace       used 91433K, capacity 95422K, committed 95832K, reserved 1132544K
  class space    used 11782K, capacity 12508K, committed 12632K, reserved 1048576K
GC Heap History (10 events):
Event: 3759.191 GC heap before
{Heap before GC invocations=18 (full 4):
 PSYoungGen      total 375808K, used 13117K [0x00000000e0000000, 0x00000000f8f80000, 0x0000000100000000)
  eden space 346624K, 0% used [0x00000000e0000000,0x00000000e0000000,0x00000000f5280000)
  from space 29184K, 44% used [0x00000000f7300000,0x00000000f7fcf580,0x00000000f8f80000)
  to   space 31232K, 0% used [0x00000000f5280000,0x00000000f5280000,0x00000000f7100000)
 ParOldGen       total 82944K, used 51867K [0x00000000a0000000, 0x00000000a5100000, 0x00000000e0000000)
  object space 82944K, 62% used [0x00000000a0000000,0x00000000a32a6fc0,0x00000000a5100000)
 Metaspace       used 90114K, capacity 93692K, committed 94040K, reserved 1130496K
  class space    used 11834K, capacity 12535K, committed 12632K, reserved 1048576K
Event: 3763.278 GC heap after
Heap after GC invocations=18 (full 4):
 PSYoungGen      total 375808K, used 0K [0x00000000e0000000, 0x00000000f8f80000, 0x0000000100000000)
  eden space 346624K, 0% used [0x00000000e0000000,0x00000000e0000000,0x00000000f5280000)
  from space 29184K, 0% used [0x00000000f7300000,0x00000000f7300000,0x00000000f8f80000)
  to   space 31232K, 0% used [0x00000000f5280000,0x00000000f5280000,0x00000000f7100000)
 ParOldGen       total 82944K, used 36194K [0x00000000a0000000, 0x00000000a5100000, 0x00000000e0000000)
  object space 82944K, 43% used [0x00000000a0000000,0x00000000a23588b8,0x00000000a5100000)
 Metaspace       used 89749K, capacity 93000K, committed 94040K, reserved 1130496K
  class space    used 11757K, capacity 12393K, committed 12632K, reserved 1048576K
}
Event: 4341.476 GC heap before
{Heap before GC invocations=19 (full 4):
 PSYoungGen      total 375808K, used 346624K [0x00000000e0000000, 0x00000000f8f80000, 0x0000000100000000)
  eden space 346624K, 100% used [0x00000000e0000000,0x00000000f5280000,0x00000000f5280000)
  from space 29184K, 0% used [0x00000000f7300000,0x00000000f7300000,0x00000000f8f80000)
  to   space 31232K, 0% used [0x00000000f5280000,0x00000000f5280000,0x00000000f7100000)
 ParOldGen       total 82944K, used 36194K [0x00000000a0000000, 0x00000000a5100000, 0x00000000e0000000)
  object space 82944K, 43% used [0x00000000a0000000,0x00000000a23588b8,0x00000000a5100000)
 Metaspace       used 90399K, capacity 93916K, committed 94296K, reserved 1130496K
  class space    used 11804K, capacity 12477K, committed 12632K, reserved 1048576K
Event: 4345.004 GC heap after
Heap after GC invocations=19 (full 4):
 PSYoungGen      total 377856K, used 9376K [0x00000000e0000000, 0x00000000fb300000, 0x0000000100000000)
  eden space 346624K, 0% used [0x00000000e0000000,0x00000000e0000000,0x00000000f5280000)
  from space 31232K, 30% used [0x00000000f5280000,0x00000000f5ba8020,0x00000000f7100000)
  to   space 30208K, 0% used [0x00000000f9580000,0x00000000f9580000,0x00000000fb300000)
 ParOldGen       total 82944K, used 36202K [0x00000000a0000000, 0x00000000a5100000, 0x00000000e0000000)
  object space 82944K, 43% used [0x00000000a0000000,0x00000000a235a8b8,0x00000000a5100000)
 Metaspace       used 90399K, capacity 93916K, committed 94296K, reserved 1130496K
  class space    used 11804K, capacity 12477K, committed 12632K, reserved 1048576K
}
Event: 4562.216 GC heap before
{Heap before GC invocations=20 (full 4):
 PSYoungGen      total 377856K, used 356000K [0x00000000e0000000, 0x00000000fb300000, 0x0000000100000000)
  eden space 346624K, 100% used [0x00000000e0000000,0x00000000f5280000,0x00000000f5280000)
  from space 31232K, 30% used [0x00000000f5280000,0x00000000f5ba8020,0x00000000f7100000)
  to   space 30208K, 0% used [0x00000000f9580000,0x00000000f9580000,0x00000000fb300000)
 ParOldGen       total 82944K, used 36202K [0x00000000a0000000, 0x00000000a5100000, 0x00000000e0000000)
  object space 82944K, 43% used [0x00000000a0000000,0x00000000a235a8b8,0x00000000a5100000)
 Metaspace       used 91045K, capacity 94916K, committed 95064K, reserved 1132544K
  class space    used 11858K, capacity 12577K, committed 12632K, reserved 1048576K
Event: 4562.319 GC heap after
Heap after GC invocations=20 (full 4):
 PSYoungGen      total 397824K, used 11008K [0x00000000e0000000, 0x00000000fa980000, 0x0000000100000000)
  eden space 377344K, 0% used [0x00000000e0000000,0x00000000e0000000,0x00000000f7080000)
  from space 20480K, 53% used [0x00000000f9580000,0x00000000fa040040,0x00000000fa980000)
  to   space 29184K, 0% used [0x00000000f7080000,0x00000000f7080000,0x00000000f8d00000)
 ParOldGen       total 82944K, used 36210K [0x00000000a0000000, 0x00000000a5100000, 0x00000000e0000000)
  object space 82944K, 43% used [0x00000000a0000000,0x00000000a235c8b8,0x00000000a5100000)
 Metaspace       used 91045K, capacity 94916K, committed 95064K, reserved 1132544K
  class space    used 11858K, capacity 12577K, committed 12632K, reserved 1048576K
}
Event: 7363.371 GC heap before
{Heap before GC invocations=21 (full 4):
 PSYoungGen      total 397824K, used 77473K [0x00000000e0000000, 0x00000000fa980000, 0x0000000100000000)
  eden space 377344K, 17% used [0x00000000e0000000,0x00000000e40e84d0,0x00000000f7080000)
  from space 20480K, 53% used [0x00000000f9580000,0x00000000fa040040,0x00000000fa980000)
  to   space 29184K, 0% used [0x00000000f7080000,0x00000000f7080000,0x00000000f8d00000)
 ParOldGen       total 82944K, used 36210K [0x00000000a0000000, 0x00000000a5100000, 0x00000000e0000000)
  object space 82944K, 43% used [0x00000000a0000000,0x00000000a235c8b8,0x00000000a5100000)
 Metaspace       used 91190K, capacity 95102K, committed 95320K, reserved 1132544K
  class space    used 11869K, capacity 12596K, committed 12632K, reserved 1048576K
Event: 7364.481 GC heap after
Heap after GC invocations=21 (full 4):
 PSYoungGen      total 381952K, used 4160K [0x00000000e0000000, 0x00000000fa880000, 0x0000000100000000)
  eden space 377344K, 0% used [0x00000000e0000000,0x00000000e0000000,0x00000000f7080000)
  from space 4608K, 90% used [0x00000000f7080000,0x00000000f7490000,0x00000000f7500000)
  to   space 28672K, 0% used [0x00000000f8c80000,0x00000000f8c80000,0x00000000fa880000)
 ParOldGen       total 82944K, used 36218K [0x00000000a0000000, 0x00000000a5100000, 0x00000000e0000000)
  object space 82944K, 43% used [0x00000000a0000000,0x00000000a235e8b8,0x00000000a5100000)
 Metaspace       used 91190K, capacity 95102K, committed 95320K, reserved 1132544K
  class space    used 11869K, capacity 12596K, committed 12632K, reserved 1048576K
}
Event: 7364.482 GC heap before
{Heap before GC invocations=22 (full 5):
 PSYoungGen      total 381952K, used 4160K [0x00000000e0000000, 0x00000000fa880000, 0x0000000100000000)
  eden space 377344K, 0% used [0x00000000e0000000,0x00000000e0000000,0x00000000f7080000)
  from space 4608K, 90% used [0x00000000f7080000,0x00000000f7490000,0x00000000f7500000)
  to   space 28672K, 0% used [0x00000000f8c80000,0x00000000f8c80000,0x00000000fa880000)
 ParOldGen       total 82944K, used 36218K [0x00000000a0000000, 0x00000000a5100000, 0x00000000e0000000)
  object space 82944K, 43% used [0x00000000a0000000,0x00000000a235e8b8,0x00000000a5100000)
 Metaspace       used 91190K, capacity 95102K, committed 95320K, reserved 1132544K
  class space    used 11869K, capacity 12596K, committed 12632K, reserved 1048576K
Event: 7370.344 GC heap after
Heap after GC invocations=22 (full 5):
 PSYoungGen      total 381952K, used 0K [0x00000000e0000000, 0x00000000fa880000, 0x0000000100000000)
  eden space 377344K, 0% used [0x00000000e0000000,0x00000000e0000000,0x00000000f7080000)
  from space 4608K, 0% used [0x00000000f7080000,0x00000000f7080000,0x00000000f7500000)
  to   space 28672K, 0% used [0x00000000f8c80000,0x00000000f8c80000,0x00000000fa880000)
 ParOldGen       total 82944K, used 30521K [0x00000000a0000000, 0x00000000a5100000, 0x00000000e0000000)
  object space 82944K, 36% used [0x00000000a0000000,0x00000000a1dce588,0x00000000a5100000)
 Metaspace       used 89867K, capacity 93146K, committed 95320K, reserved 1132544K
  class space    used 11643K, capacity 12252K, committed 12632K, reserved 1048576K
}

